[INFO] [2020-10-18 18:07:28,491] - OOOOOOOOOOOOOOOOOOOOOOOOOO
[INFO] [2020-10-18 18:07:28,491] - Starting to RUN!!!
[INFO] [2020-10-18 18:07:28,491] - OOOOOOOOOOOOOOOOOOOOOOOOOO
[INFO] [2020-10-18 18:07:28,492] - -----Fetching url's from url.txt-----
[INFO] [2020-10-18 18:07:28,492] - You have 1 url's
[INFO] [2020-10-18 18:07:28,492] - -----Calling instatouch to convert url's to csv's-----
[INFO] [2020-10-18 18:07:28,492] - 0. https://www.instagram.com/p/CDb-AajDutC/
[INFO] [2020-10-18 18:07:31,028] - Complete!!!
[INFO] [2020-10-18 18:07:31,028] - -----Calling ProcessInfo.py to categorize and store usernames in memory-----
[INFO] [2020-10-18 18:07:32,324] - ***Read csv's username***
[INFO] [2020-10-18 18:07:32,341] - Only getting unique usernames
[INFO] [2020-10-18 18:07:32,341] - Complete!
[INFO] [2020-10-18 18:07:32,343] - ***Start filtering each username into green, yellow, and red***
[INFO] [2020-10-18 18:07:32,344] - You have 165 usernames to filter
[INFO] [2020-10-18 18:07:32,344] - (0/165): zcollab.caitlyn
[INFO] [2020-10-18 18:07:32,831] - green
[INFO] [2020-10-18 18:07:32,831] - (1/165): rebekaskorvagov
[INFO] [2020-10-18 18:07:33,327] - green
[INFO] [2020-10-18 18:07:33,327] - (2/165): evereames
[INFO] [2020-10-18 18:07:34,026] - green
[INFO] [2020-10-18 18:07:34,026] - (3/165): abigailmsummers
[INFO] [2020-10-18 18:07:35,119] - red
[INFO] [2020-10-18 18:07:35,120] - (4/165): loganrnichols
[INFO] [2020-10-18 18:07:36,040] - yellow
[INFO] [2020-10-18 18:07:36,041] - (5/165): rm.saint
[INFO] [2020-10-18 18:07:37,059] - yellow
[INFO] [2020-10-18 18:07:37,059] - (6/165): allofalexandra
[INFO] [2020-10-18 18:07:38,039] - red
[INFO] [2020-10-18 18:07:38,039] - (7/165): carolinav6
[INFO] [2020-10-18 18:07:39,131] - green
[INFO] [2020-10-18 18:07:39,131] - (8/165): eyefollowboyzandgirlz
[INFO] [2020-10-18 18:07:39,656] - red
[INFO] [2020-10-18 18:07:39,657] - (9/165): _raudah_vds_
[INFO] [2020-10-18 18:07:40,051] - red
[INFO] [2020-10-18 18:07:40,051] - (10/165): lienxs
[INFO] [2020-10-18 18:07:40,713] - yellow
[INFO] [2020-10-18 18:07:40,713] - (11/165): muriasmalena
[INFO] [2020-10-18 18:07:41,228] - yellow
[INFO] [2020-10-18 18:07:41,228] - (12/165): iamjaredcruz
[INFO] [2020-10-18 18:07:42,128] - yellow
[INFO] [2020-10-18 18:07:42,129] - (13/165): joline_204
[INFO] [2020-10-18 18:07:42,129] - private or visited
[INFO] [2020-10-18 18:07:42,129] - (14/165): kuenzangyedden
[INFO] [2020-10-18 18:07:42,573] - red
[INFO] [2020-10-18 18:07:42,573] - (15/165): phxntomshirley
[INFO] [2020-10-18 18:07:42,994] - red
[INFO] [2020-10-18 18:07:42,994] - (16/165): wellinformedguy
[INFO] [2020-10-18 18:07:42,995] - private or visited
[INFO] [2020-10-18 18:07:42,995] - (17/165): lifeof.jens
[INFO] [2020-10-18 18:07:44,131] - red
[INFO] [2020-10-18 18:07:44,132] - (18/165): adriisfree
[INFO] [2020-10-18 18:07:45,413] - red
[INFO] [2020-10-18 18:07:45,413] - (19/165): k27_london
[INFO] [2020-10-18 18:07:46,123] - yellow
[INFO] [2020-10-18 18:07:46,123] - (20/165): jeremy.moeller
[INFO] [2020-10-18 18:07:47,207] - red
[INFO] [2020-10-18 18:07:47,207] - (21/165): cezarbadbred_
[INFO] [2020-10-18 18:07:47,963] - green
[INFO] [2020-10-18 18:07:47,963] - (22/165): donzelltaggart
[INFO] [2020-10-18 18:07:49,048] - red
[INFO] [2020-10-18 18:07:49,048] - (23/165): pierrearden.team.weiser
[INFO] [2020-10-18 18:07:49,737] - green
[INFO] [2020-10-18 18:07:49,738] - (24/165): little.miss.dolittle
[INFO] [2020-10-18 18:07:51,013] - green
[INFO] [2020-10-18 18:07:51,018] - (25/165): akbarkaif80
[INFO] [2020-10-18 18:07:51,945] - yellow
[INFO] [2020-10-18 18:07:51,945] - (26/165): meuglee_
[INFO] [2020-10-18 18:07:52,513] - yellow
[INFO] [2020-10-18 18:07:52,515] - (27/165): cdb.__
[INFO] [2020-10-18 18:07:52,844] - red
[INFO] [2020-10-18 18:07:52,844] - (28/165): sezindn
[INFO] [2020-10-18 18:07:53,409] - red
[INFO] [2020-10-18 18:07:53,409] - (29/165): gustavodanvers
[INFO] [2020-10-18 18:07:54,158] - red
[INFO] [2020-10-18 18:07:54,159] - (30/165): veejaymaru
[INFO] [2020-10-18 18:07:54,896] - yellow
[INFO] [2020-10-18 18:07:54,896] - (31/165): rthbeaut
[INFO] [2020-10-18 18:07:55,457] - red
[INFO] [2020-10-18 18:07:55,458] - (32/165): brubtaavares
[INFO] [2020-10-18 18:07:55,949] - red
[INFO] [2020-10-18 18:07:55,949] - (33/165): pierrearden_team_kulas
[INFO] [2020-10-18 18:07:56,502] - red
[INFO] [2020-10-18 18:07:56,502] - (34/165): mr.sparkle01
[INFO] [2020-10-18 18:07:57,059] - green
[INFO] [2020-10-18 18:07:57,060] - (35/165): _martinaricchetti_
[INFO] [2020-10-18 18:07:58,142] - green
[INFO] [2020-10-18 18:07:58,142] - (36/165): gabrielanicol_
[INFO] [2020-10-18 18:07:59,556] - red
[INFO] [2020-10-18 18:07:59,556] - (37/165): edaucakmodunda
[INFO] [2020-10-18 18:07:59,917] - red
[INFO] [2020-10-18 18:07:59,918] - (38/165): taylorrr47
[INFO] [2020-10-18 18:08:00,249] - red
[INFO] [2020-10-18 18:08:00,249] - (39/165): sa.su.san
[INFO] [2020-10-18 18:08:00,806] - red
[INFO] [2020-10-18 18:08:00,807] - (40/165): christineannacoeur
[INFO] [2020-10-18 18:08:01,234] - red
[INFO] [2020-10-18 18:08:01,234] - (41/165): soniadrakewoods
[INFO] [2020-10-18 18:08:01,234] - private or visited
[INFO] [2020-10-18 18:08:01,237] - (42/165): karmenillak
[INFO] [2020-10-18 18:08:01,807] - green
[INFO] [2020-10-18 18:08:01,808] - (43/165): aulonzo
[INFO] [2020-10-18 18:08:02,419] - green
[INFO] [2020-10-18 18:08:02,419] - (44/165): amourissadora
[INFO] [2020-10-18 18:08:03,280] - green
[INFO] [2020-10-18 18:08:03,281] - (45/165): eleenaramiireez
[INFO] [2020-10-18 18:08:03,857] - yellow
[INFO] [2020-10-18 18:08:03,857] - (46/165): tontonsoguilon
[INFO] [2020-10-18 18:08:04,897] - red
[INFO] [2020-10-18 18:08:04,897] - (47/165): mats.troostwijk
[INFO] [2020-10-18 18:08:06,067] - yellow
[INFO] [2020-10-18 18:08:06,067] - (48/165): hellomynameisbrady
[INFO] [2020-10-18 18:08:06,921] - green
[INFO] [2020-10-18 18:08:06,921] - (49/165): layzalaah_
[INFO] [2020-10-18 18:08:07,719] - green
[INFO] [2020-10-18 18:08:07,719] - (50/165): stephbourg_60
[INFO] [2020-10-18 18:08:07,719] - private or visited
[INFO] [2020-10-18 18:08:07,720] - (51/165): diego13_h
[INFO] [2020-10-18 18:08:08,358] - green
[INFO] [2020-10-18 18:08:08,359] - (52/165): p_stfu_
[INFO] [2020-10-18 18:08:09,298] - green
[INFO] [2020-10-18 18:08:09,298] - (53/165): aaliyahzora
[INFO] [2020-10-18 18:08:09,298] - private or visited
[INFO] [2020-10-18 18:08:09,298] - (54/165): lizzett_galvan
[INFO] [2020-10-18 18:08:10,221] - green
[INFO] [2020-10-18 18:08:10,221] - (55/165): stephaneberard1409
[INFO] [2020-10-18 18:08:10,866] - green
[INFO] [2020-10-18 18:08:10,867] - (56/165): hannahkim27
[INFO] [2020-10-18 18:08:12,090] - red
[INFO] [2020-10-18 18:08:12,091] - (57/165): roymedranoo
[INFO] [2020-10-18 18:08:12,091] - private or visited
[INFO] [2020-10-18 18:08:12,092] - (58/165): indioasli
[INFO] [2020-10-18 18:08:13,085] - red
[INFO] [2020-10-18 18:08:13,085] - (59/165): elicarruthers
[INFO] [2020-10-18 18:08:14,217] - red
[INFO] [2020-10-18 18:08:14,218] - (60/165): cameronjbetz
[INFO] [2020-10-18 18:08:15,343] - red
[INFO] [2020-10-18 18:08:15,343] - (61/165): helenaagonzaaa
[INFO] [2020-10-18 18:08:15,344] - private or visited
[INFO] [2020-10-18 18:08:15,344] - (62/165): iz.aei
[INFO] [2020-10-18 18:08:15,344] - private or visited
[INFO] [2020-10-18 18:08:15,344] - (63/165): mmsnsd805
[INFO] [2020-10-18 18:08:16,685] - green
[INFO] [2020-10-18 18:08:16,685] - (64/165): darylarellano
[INFO] [2020-10-18 18:08:17,558] - yellow
[INFO] [2020-10-18 18:08:17,559] - (65/165): _juliana.mk_
[INFO] [2020-10-18 18:08:18,175] - red
[INFO] [2020-10-18 18:08:18,175] - (66/165): isaacoliveirabarbosa18
[INFO] [2020-10-18 18:08:18,674] - green
[INFO] [2020-10-18 18:08:18,674] - (67/165): golfbee666
[INFO] [2020-10-18 18:08:19,317] - green
[INFO] [2020-10-18 18:08:19,318] - (68/165): miascarsbrook
[INFO] [2020-10-18 18:08:19,950] - red
[INFO] [2020-10-18 18:08:19,951] - (69/165): samiapalestra
[INFO] [2020-10-18 18:08:20,529] - red
[INFO] [2020-10-18 18:08:20,529] - (70/165): clubfantasy
[INFO] [2020-10-18 18:08:21,540] - red
[INFO] [2020-10-18 18:08:21,540] - (71/165): xtinalao
[INFO] [2020-10-18 18:08:21,993] - red
[INFO] [2020-10-18 18:08:21,993] - (72/165): jessie_vitoria01
[INFO] [2020-10-18 18:08:21,993] - private or visited
[INFO] [2020-10-18 18:08:21,994] - (73/165): michaelcolliins
[INFO] [2020-10-18 18:08:22,527] - green
[INFO] [2020-10-18 18:08:22,528] - (74/165): sam_dniz
[INFO] [2020-10-18 18:08:23,080] - red
[INFO] [2020-10-18 18:08:23,080] - (75/165): gabrielle_christina7
[INFO] [2020-10-18 18:08:23,080] - private or visited
[INFO] [2020-10-18 18:08:23,081] - (76/165): fernando_joczan
[INFO] [2020-10-18 18:08:23,838] - red
[INFO] [2020-10-18 18:08:23,839] - (77/165): juanchavesny
[INFO] [2020-10-18 18:08:23,840] - private or visited
[INFO] [2020-10-18 18:08:23,842] - (78/165): cailynhenson
[INFO] [2020-10-18 18:08:24,555] - red
[INFO] [2020-10-18 18:08:24,555] - (79/165): leahoa_
[INFO] [2020-10-18 18:08:24,555] - private or visited
[INFO] [2020-10-18 18:08:24,555] - (80/165): miranda.zenia
[INFO] [2020-10-18 18:08:24,556] - private or visited
[INFO] [2020-10-18 18:08:24,556] - (81/165): _.britanypatel
[INFO] [2020-10-18 18:08:25,034] - red
[INFO] [2020-10-18 18:08:25,034] - (82/165): notdanjela
[INFO] [2020-10-18 18:08:25,035] - private or visited
[INFO] [2020-10-18 18:08:25,035] - (83/165): x.hanna.l.x
[INFO] [2020-10-18 18:08:25,399] - red
[INFO] [2020-10-18 18:08:25,399] - (84/165): ia.goo
[INFO] [2020-10-18 18:08:26,462] - red
[INFO] [2020-10-18 18:08:26,462] - (85/165): theun.knowns
[INFO] [2020-10-18 18:08:27,046] - red
[INFO] [2020-10-18 18:08:27,046] - (86/165): jillconway_15
[INFO] [2020-10-18 18:08:27,046] - private or visited
[INFO] [2020-10-18 18:08:27,046] - (87/165): vasjmorgan
[INFO] [2020-10-18 18:08:27,046] - private or visited
[INFO] [2020-10-18 18:08:27,047] - (88/165): adingryan
[INFO] [2020-10-18 18:08:27,047] - private or visited
[INFO] [2020-10-18 18:08:27,047] - (89/165): gennaropalumbo
[INFO] [2020-10-18 18:08:27,546] - red
[INFO] [2020-10-18 18:08:27,546] - (90/165): off.frambo
[INFO] [2020-10-18 18:08:28,370] - yellow
[INFO] [2020-10-18 18:08:28,371] - (91/165): _becca.__03
[INFO] [2020-10-18 18:08:29,601] - yellow
[INFO] [2020-10-18 18:08:29,602] - (92/165): jordihoogerhuis
[INFO] [2020-10-18 18:08:30,810] - red
[INFO] [2020-10-18 18:08:30,810] - (93/165): le___n52
[INFO] [2020-10-18 18:08:31,121] - red
[INFO] [2020-10-18 18:08:31,121] - (94/165): saisravanthi_kilari
[INFO] [2020-10-18 18:08:31,656] - red
[INFO] [2020-10-18 18:08:31,656] - (95/165): miriaakp
[INFO] [2020-10-18 18:08:32,347] - red
[INFO] [2020-10-18 18:08:32,347] - (96/165): emily_baghdasariann
[INFO] [2020-10-18 18:08:32,953] - green
[INFO] [2020-10-18 18:08:32,953] - (97/165): taralbl
[INFO] [2020-10-18 18:08:33,601] - yellow
[INFO] [2020-10-18 18:08:33,601] - (98/165): audreykoepke
[INFO] [2020-10-18 18:08:33,601] - private or visited
[INFO] [2020-10-18 18:08:33,601] - (99/165): joseeph.x
[INFO] [2020-10-18 18:08:34,048] - yellow
[INFO] [2020-10-18 18:08:34,048] - (100/165): hippie.stephie
[INFO] [2020-10-18 18:08:34,049] - private or visited
[INFO] [2020-10-18 18:08:34,049] - (101/165): slawin.ski
[INFO] [2020-10-18 18:08:34,764] - red
[INFO] [2020-10-18 18:08:34,764] - (102/165): kriskvocka
[INFO] [2020-10-18 18:08:35,066] - red
[INFO] [2020-10-18 18:08:35,067] - (103/165): yahirgonzalez.18
[INFO] [2020-10-18 18:08:35,592] - green
[INFO] [2020-10-18 18:08:35,592] - (104/165): nle_.ari
[INFO] [2020-10-18 18:08:36,148] - red
[INFO] [2020-10-18 18:08:36,148] - (105/165): imleocruz
[INFO] [2020-10-18 18:08:36,827] - yellow
[INFO] [2020-10-18 18:08:36,827] - (106/165): tatiaba.01
[INFO] [2020-10-18 18:08:37,176] - red
[INFO] [2020-10-18 18:08:37,177] - (107/165): ttrinnaaaa
[INFO] [2020-10-18 18:08:37,534] - red
[INFO] [2020-10-18 18:08:37,535] - (108/165): luki.wo
[INFO] [2020-10-18 18:08:38,057] - green
[INFO] [2020-10-18 18:08:38,057] - (109/165): bmbhm
[INFO] [2020-10-18 18:08:38,057] - private or visited
[INFO] [2020-10-18 18:08:38,058] - (110/165): hacenehamadache4
[INFO] [2020-10-18 18:08:38,658] - green
[INFO] [2020-10-18 18:08:38,659] - (111/165): 711.x_
[INFO] [2020-10-18 18:08:38,659] - private or visited
[INFO] [2020-10-18 18:08:38,659] - (112/165): mambaaxc
[INFO] [2020-10-18 18:08:39,274] - red
[INFO] [2020-10-18 18:08:39,274] - (113/165): teresarebelo__
[INFO] [2020-10-18 18:08:39,574] - red
[INFO] [2020-10-18 18:08:39,575] - (114/165): martinafackler
[INFO] [2020-10-18 18:08:39,575] - private or visited
[INFO] [2020-10-18 18:08:39,575] - (115/165): _fiyowna
[INFO] [2020-10-18 18:08:39,955] - red
[INFO] [2020-10-18 18:08:39,956] - (116/165): krystaaldeanda
[INFO] [2020-10-18 18:08:40,898] - red
[INFO] [2020-10-18 18:08:40,898] - (117/165): maytexalvarado
[INFO] [2020-10-18 18:08:41,674] - red
[INFO] [2020-10-18 18:08:41,674] - (118/165): pierreelhagee
[INFO] [2020-10-18 18:08:42,376] - red
[INFO] [2020-10-18 18:08:42,377] - (119/165): ernesto__rosales
[INFO] [2020-10-18 18:08:42,720] - red
[INFO] [2020-10-18 18:08:42,720] - (120/165): moritz.taylor
[INFO] [2020-10-18 18:08:42,720] - private or visited
[INFO] [2020-10-18 18:08:42,721] - (121/165): donvitowilliams
[INFO] [2020-10-18 18:08:44,211] - green
[INFO] [2020-10-18 18:08:44,212] - (122/165): taya._.pharr
[INFO] [2020-10-18 18:08:44,526] - red
[INFO] [2020-10-18 18:08:44,527] - (123/165): kyle.bath
[INFO] [2020-10-18 18:08:45,492] - yellow
[INFO] [2020-10-18 18:08:45,493] - (124/165): andrutzzza
[INFO] [2020-10-18 18:08:46,293] - yellow
[INFO] [2020-10-18 18:08:46,293] - (125/165): martin___em
[INFO] [2020-10-18 18:08:46,794] - red
[INFO] [2020-10-18 18:08:46,794] - (126/165): alexmusiclover4393
[INFO] [2020-10-18 18:08:46,795] - private or visited
[INFO] [2020-10-18 18:08:46,795] - (127/165): hannahlainez
[INFO] [2020-10-18 18:08:47,456] - red
[INFO] [2020-10-18 18:08:47,456] - (128/165): xkarolqa
[INFO] [2020-10-18 18:08:47,962] - green
[INFO] [2020-10-18 18:08:47,963] - (129/165): shandathapanda
[INFO] [2020-10-18 18:08:47,963] - private or visited
[INFO] [2020-10-18 18:08:47,963] - (130/165): cucumber0fficial
[INFO] [2020-10-18 18:08:49,070] - green
[INFO] [2020-10-18 18:08:49,071] - (131/165): jaqthegirl
[INFO] [2020-10-18 18:08:50,305] - red
[INFO] [2020-10-18 18:08:50,305] - (132/165): richard_entrepreneur1
[INFO] [2020-10-18 18:08:50,628] - red
[INFO] [2020-10-18 18:08:50,629] - (133/165): derek.balmir
[INFO] [2020-10-18 18:08:51,697] - yellow
[INFO] [2020-10-18 18:08:51,697] - (134/165): niirv.ana
[INFO] [2020-10-18 18:08:51,698] - private or visited
[INFO] [2020-10-18 18:08:51,698] - (135/165): vertiig_lars152
[INFO] [2020-10-18 18:08:52,230] - red
[INFO] [2020-10-18 18:08:52,231] - (136/165): ff__aki
[INFO] [2020-10-18 18:08:53,476] - red
[INFO] [2020-10-18 18:08:53,477] - (137/165): itsisaacspage
[INFO] [2020-10-18 18:08:54,184] - yellow
[INFO] [2020-10-18 18:08:54,184] - (138/165): i.have.patrick
[INFO] [2020-10-18 18:08:54,987] - yellow
[INFO] [2020-10-18 18:08:54,987] - (139/165): deanthonyofficial
[INFO] [2020-10-18 18:08:55,775] - red
[INFO] [2020-10-18 18:08:55,775] - (140/165): _leahgordon
[INFO] [2020-10-18 18:08:56,633] - green
[INFO] [2020-10-18 18:08:56,633] - (141/165): straggot.savior
[INFO] [2020-10-18 18:08:56,634] - private or visited
[INFO] [2020-10-18 18:08:56,634] - (142/165): keglerts
[INFO] [2020-10-18 18:08:56,634] - private or visited
[INFO] [2020-10-18 18:08:56,634] - (143/165): thewongchick
[INFO] [2020-10-18 18:08:57,619] - red
[INFO] [2020-10-18 18:08:57,619] - (144/165): raphaelmarkowicz_
[INFO] [2020-10-18 18:08:58,525] - yellow
[INFO] [2020-10-18 18:08:58,525] - (145/165): _dakota20
[INFO] [2020-10-18 18:08:58,968] - red
[INFO] [2020-10-18 18:08:58,968] - (146/165): quivitaz_99
[INFO] [2020-10-18 18:08:59,741] - red
[INFO] [2020-10-18 18:08:59,741] - (147/165): aliyyah05
[INFO] [2020-10-18 18:09:00,053] - red
[INFO] [2020-10-18 18:09:00,054] - (148/165): bigcupofwineee
[INFO] [2020-10-18 18:09:00,485] - red
[INFO] [2020-10-18 18:09:00,485] - (149/165): lorenzo_zanata
[INFO] [2020-10-18 18:09:01,061] - yellow
[INFO] [2020-10-18 18:09:01,061] - (150/165): l.a.a.m.z
[INFO] [2020-10-18 18:09:01,713] - green
[INFO] [2020-10-18 18:09:01,713] - (151/165): x.heidi_reed.x
[INFO] [2020-10-18 18:09:02,291] - red
[INFO] [2020-10-18 18:09:02,291] - (152/165): rita.diar
[INFO] [2020-10-18 18:09:02,291] - private or visited
[INFO] [2020-10-18 18:09:02,291] - (153/165): _.prettyluhlia
[INFO] [2020-10-18 18:09:03,082] - green
[INFO] [2020-10-18 18:09:03,082] - (154/165): sspammm.maria
[INFO] [2020-10-18 18:09:03,575] - red
[INFO] [2020-10-18 18:09:03,575] - (155/165): fionagashi__
[INFO] [2020-10-18 18:09:04,250] - yellow
[INFO] [2020-10-18 18:09:04,250] - (156/165): myluvforaveryxmarais
[INFO] [2020-10-18 18:09:04,886] - green
[INFO] [2020-10-18 18:09:04,886] - (157/165): joshmftroo
[INFO] [2020-10-18 18:09:05,505] - red
[INFO] [2020-10-18 18:09:05,505] - (158/165): wie_tee_dong.hans
[INFO] [2020-10-18 18:09:05,505] - private or visited
[INFO] [2020-10-18 18:09:05,505] - (159/165): t.o.r.i._j
[INFO] [2020-10-18 18:09:05,505] - private or visited
[INFO] [2020-10-18 18:09:05,505] - (160/165): hey_grandebutera
[INFO] [2020-10-18 18:09:06,248] - green
[INFO] [2020-10-18 18:09:06,248] - (161/165): thenamesgamble
[INFO] [2020-10-18 18:09:06,944] - green
[INFO] [2020-10-18 18:09:06,944] - (162/165): johnbformayor
[INFO] [2020-10-18 18:09:07,715] - green
[INFO] [2020-10-18 18:09:07,715] - (163/165): zahrina.13
[INFO] [2020-10-18 18:09:09,275] - yellow
[INFO] [2020-10-18 18:09:09,275] - (164/165): elviraaugustina
[INFO] [2020-10-18 18:09:10,288] - red
[INFO] [2020-10-18 18:09:10,288] - ***Displaying Results***
[INFO] [2020-10-18 18:09:10,289] - ***Update Memory***
[INFO] [2020-10-18 18:09:10,290] - Finished!!!
[INFO] [2020-10-18 18:09:10,405] - -----Clearing url.txt-----
[INFO] [2020-10-18 18:09:10,405] - Done!!!
